[2021-11-20T21:06:12.698] [DEBUG] cheese - login => username:zs,password:123456
[2021-11-20T21:06:12.701] [DEBUG] cheese - zs
[2021-11-20T21:06:12.711] [DEBUG] cheese - null
[2021-11-20T21:06:12.712] [DEBUG] cheese - null
[2021-11-20T21:06:52.940] [DEBUG] cheese - login => username:admin,password:123456
[2021-11-20T21:06:52.940] [DEBUG] cheese - admin
[2021-11-20T21:06:52.945] [DEBUG] cheese - null
[2021-11-20T21:06:52.946] [DEBUG] cheese - null
[2021-11-20T21:17:13.780] [DEBUG] cheese - login => username:admin,password:123456
[2021-11-20T21:17:13.780] [DEBUG] cheese - admin
[2021-11-20T21:17:13.783] [DEBUG] cheese - null
[2021-11-20T21:17:13.783] [DEBUG] cheese - null
[2021-11-23T12:27:02.897] [DEBUG] cheese - login => username:admin,password:123456
[2021-11-23T12:27:02.900] [DEBUG] cheese - admin
[2021-11-23T12:27:02.916] [DEBUG] cheese - null
[2021-11-23T12:27:02.918] [DEBUG] cheese - null
[2021-11-23T12:29:14.883] [DEBUG] cheese - login => username:admin,password:123456
[2021-11-23T12:29:14.884] [DEBUG] cheese - admin
[2021-11-23T12:29:14.888] [DEBUG] cheese - null
[2021-11-23T12:29:14.889] [DEBUG] cheese - null
[2021-11-23T12:29:47.320] [DEBUG] cheese - login => username:123,password:123456
[2021-11-23T12:29:47.321] [DEBUG] cheese - 123
[2021-11-23T12:29:47.323] [DEBUG] cheese - null
[2021-11-23T12:29:47.323] [DEBUG] cheese - null
[2021-11-23T12:36:33.232] [DEBUG] cheese - login => username:admin,password:123456
[2021-11-23T12:36:33.232] [DEBUG] cheese - admin
[2021-11-23T12:36:33.235] [DEBUG] cheese - null
[2021-11-23T12:36:33.235] [DEBUG] cheese - null
[2021-11-23T12:39:41.532] [DEBUG] cheese - login => username:admin,password:123456
[2021-11-23T12:39:41.532] [DEBUG] cheese - admin
[2021-11-23T12:39:41.536] [DEBUG] cheese - null
[2021-11-23T12:39:41.536] [DEBUG] cheese - null
[2021-11-23T12:43:19.696] [DEBUG] cheese - login => username:admin,password:123456
[2021-11-23T12:43:19.696] [DEBUG] cheese - admin
[2021-11-23T12:43:19.698] [DEBUG] cheese - null
[2021-11-23T12:43:19.698] [DEBUG] cheese - null
[2021-11-23T13:07:21.571] [DEBUG] cheese - login => username:admin,password:123456
[2021-11-23T13:07:21.572] [DEBUG] cheese - admin
[2021-11-23T13:07:21.575] [DEBUG] cheese - null
[2021-11-23T13:07:21.575] [DEBUG] cheese - null
[2021-11-23T13:08:14.612] [DEBUG] cheese - login => username:admin,password:123456
[2021-11-23T13:08:14.612] [DEBUG] cheese - admin
[2021-11-23T13:08:14.615] [DEBUG] cheese - null
[2021-11-23T13:08:14.615] [DEBUG] cheese - null
[2021-11-24T19:33:58.473] [DEBUG] cheese - login => username:admin,password:123456
[2021-11-24T19:33:58.478] [DEBUG] cheese - admin
[2021-11-24T19:33:58.511] [DEBUG] cheese - null
[2021-11-24T19:33:58.513] [DEBUG] cheese - null
[2021-11-24T19:34:30.002] [DEBUG] cheese - login => username:admin,password:123456
[2021-11-24T19:34:30.002] [DEBUG] cheese - admin
[2021-11-24T19:34:30.005] [DEBUG] cheese - null
[2021-11-24T19:34:30.006] [DEBUG] cheese - null
[2021-11-24T19:34:58.197] [DEBUG] cheese - login => username:123,password:123456
[2021-11-24T19:34:58.197] [DEBUG] cheese - 123
[2021-11-24T19:34:58.199] [DEBUG] cheese - null
[2021-11-24T19:34:58.199] [DEBUG] cheese - null
[2021-11-24T19:38:15.762] [DEBUG] cheese - login => username:admin,password:123456
[2021-11-24T19:38:15.762] [DEBUG] cheese - admin
[2021-11-24T19:38:15.765] [DEBUG] cheese - null
[2021-11-24T19:38:15.765] [DEBUG] cheese - null
[2021-11-24T19:42:20.957] [DEBUG] cheese - login => username:admin,password:123456
[2021-11-24T19:42:20.958] [DEBUG] cheese - admin
[2021-11-24T19:42:20.960] [DEBUG] cheese - null
[2021-11-24T19:42:20.960] [DEBUG] cheese - null
[2021-11-24T19:43:50.204] [DEBUG] cheese - login => username:admin,password:123456
[2021-11-24T19:43:50.204] [DEBUG] cheese - admin
[2021-11-24T19:43:50.207] [DEBUG] cheese - null
[2021-11-24T19:43:50.207] [DEBUG] cheese - null
[2021-11-24T19:43:52.457] [DEBUG] cheese - login => username:admin,password:123456
[2021-11-24T19:43:52.457] [DEBUG] cheese - admin
[2021-11-24T19:43:52.459] [DEBUG] cheese - null
[2021-11-24T19:43:52.459] [DEBUG] cheese - null
[2021-11-24T19:43:56.551] [DEBUG] cheese - login => username:admin,password:123456
[2021-11-24T19:43:56.551] [DEBUG] cheese - admin
[2021-11-24T19:43:56.554] [DEBUG] cheese - null
[2021-11-24T19:43:56.554] [DEBUG] cheese - null
[2021-11-24T19:45:43.656] [DEBUG] cheese - login => username:admin,password:123456
[2021-11-24T19:45:43.656] [DEBUG] cheese - admin
[2021-11-24T19:45:43.659] [DEBUG] cheese - null
[2021-11-24T19:45:43.659] [DEBUG] cheese - null
[2021-11-24T19:52:45.018] [DEBUG] cheese - login => username:admin,password:123456
[2021-11-24T19:52:45.018] [DEBUG] cheese - admin
[2021-11-24T19:52:45.021] [DEBUG] cheese - null
[2021-11-24T19:52:45.021] [DEBUG] cheese - null
[2021-11-24T20:07:44.025] [DEBUG] cheese - login => username:admin,password:123456
[2021-11-24T20:07:44.025] [DEBUG] cheese - admin
[2021-11-24T20:07:44.028] [DEBUG] cheese - null
[2021-11-24T20:07:44.028] [DEBUG] cheese - null
[2021-11-24T21:22:54.894] [DEBUG] cheese - login => username:admin,password:123456
[2021-11-24T21:22:54.894] [DEBUG] cheese - admin
[2021-11-24T21:22:54.897] [DEBUG] cheese - null
[2021-11-24T21:22:54.897] [DEBUG] cheese - null
[2021-11-24T21:30:09.462] [DEBUG] cheese - login => username:admin,password:123456
[2021-11-24T21:30:09.462] [DEBUG] cheese - admin
[2021-11-24T21:30:09.466] [DEBUG] cheese - null
[2021-11-24T21:30:09.466] [DEBUG] cheese - null
[2021-11-24T21:30:11.900] [DEBUG] cheese - login => username:admin,password:123456
[2021-11-24T21:30:11.900] [DEBUG] cheese - admin
[2021-11-24T21:30:11.902] [DEBUG] cheese - null
[2021-11-24T21:30:11.903] [DEBUG] cheese - null
[2021-11-24T21:30:19.309] [DEBUG] cheese - login => username:admin,password:123456
[2021-11-24T21:30:19.310] [DEBUG] cheese - admin
[2021-11-24T21:30:19.312] [DEBUG] cheese - null
[2021-11-24T21:30:19.312] [DEBUG] cheese - null
[2021-11-24T21:30:22.551] [DEBUG] cheese - login => username:admin,password:123456
[2021-11-24T21:30:22.551] [DEBUG] cheese - admin
[2021-11-24T21:30:22.554] [DEBUG] cheese - null
[2021-11-24T21:30:22.554] [DEBUG] cheese - null
[2021-11-24T21:30:25.062] [DEBUG] cheese - login => username:admin,password:123456
[2021-11-24T21:30:25.062] [DEBUG] cheese - admin
[2021-11-24T21:30:25.064] [DEBUG] cheese - null
[2021-11-24T21:30:25.064] [DEBUG] cheese - null
[2021-11-24T21:30:41.203] [DEBUG] cheese - login => username:admin,password:123456
[2021-11-24T21:30:41.204] [DEBUG] cheese - admin
[2021-11-24T21:30:41.206] [DEBUG] cheese - null
[2021-11-24T21:30:41.206] [DEBUG] cheese - null
[2021-11-25T13:05:29.224] [DEBUG] cheese - login => username:admin,password:123456
[2021-11-25T13:05:29.225] [DEBUG] cheese - admin
[2021-11-25T13:05:29.234] [DEBUG] cheese - null
[2021-11-25T13:05:29.235] [DEBUG] cheese - null
[2021-11-25T13:05:54.384] [DEBUG] cheese - login => username:admin,password:123456
[2021-11-25T13:05:54.384] [DEBUG] cheese - admin
[2021-11-25T13:05:54.386] [DEBUG] cheese - null
[2021-11-25T13:05:54.386] [DEBUG] cheese - null
[2021-11-25T13:26:54.680] [DEBUG] cheese - login => username:admin,password:123456
[2021-11-25T13:26:54.681] [DEBUG] cheese - admin
[2021-11-25T13:26:54.683] [DEBUG] cheese - null
[2021-11-25T13:26:54.683] [DEBUG] cheese - null
[2021-11-25T13:33:23.248] [DEBUG] cheese - login => username:admin,password:123456
[2021-11-25T13:33:23.248] [DEBUG] cheese - admin
[2021-11-25T13:33:23.251] [DEBUG] cheese - null
[2021-11-25T13:33:23.251] [DEBUG] cheese - null
[2021-11-25T14:21:09.657] [DEBUG] cheese - login => username:admin,password:123456
[2021-11-25T14:21:09.657] [DEBUG] cheese - admin
[2021-11-25T14:21:09.660] [DEBUG] cheese - null
[2021-11-25T14:21:09.660] [DEBUG] cheese - null
[2021-11-25T14:23:02.301] [DEBUG] cheese - login => username:admin,password:123456
[2021-11-25T14:23:02.302] [DEBUG] cheese - admin
[2021-11-25T14:23:02.304] [DEBUG] cheese - null
[2021-11-25T14:23:02.304] [DEBUG] cheese - null
[2021-11-25T14:24:38.545] [DEBUG] cheese - login => username:admin,password:123456
[2021-11-25T14:24:38.545] [DEBUG] cheese - admin
[2021-11-25T14:24:38.548] [DEBUG] cheese - null
[2021-11-25T14:24:38.548] [DEBUG] cheese - null
[2021-11-25T14:24:49.302] [DEBUG] cheese - login => username:admin,password:1234678
[2021-11-25T14:24:49.303] [DEBUG] cheese - admin
[2021-11-25T14:24:49.306] [DEBUG] cheese - null
[2021-11-25T14:24:49.306] [DEBUG] cheese - null
[2021-11-25T14:24:49.688] [DEBUG] cheese - login => username:admin,password:1234678
[2021-11-25T14:24:49.688] [DEBUG] cheese - admin
[2021-11-25T14:24:49.690] [DEBUG] cheese - null
[2021-11-25T14:24:49.690] [DEBUG] cheese - null
[2021-11-25T14:24:50.946] [DEBUG] cheese - login => username:admin,password:1234678
[2021-11-25T14:24:50.946] [DEBUG] cheese - admin
[2021-11-25T14:24:50.948] [DEBUG] cheese - null
[2021-11-25T14:24:50.948] [DEBUG] cheese - null
[2021-11-25T14:24:51.104] [DEBUG] cheese - login => username:admin,password:1234678
[2021-11-25T14:24:51.104] [DEBUG] cheese - admin
[2021-11-25T14:24:51.107] [DEBUG] cheese - null
[2021-11-25T14:24:51.107] [DEBUG] cheese - null
[2021-11-25T14:24:55.618] [DEBUG] cheese - login => username:admin,password:123456
[2021-11-25T14:24:55.618] [DEBUG] cheese - admin
[2021-11-25T14:24:55.621] [DEBUG] cheese - null
[2021-11-25T14:24:55.621] [DEBUG] cheese - null
[2021-11-25T14:30:33.787] [DEBUG] cheese - login => username:admin,password:123456
[2021-11-25T14:30:33.787] [DEBUG] cheese - admin
[2021-11-25T14:30:33.790] [DEBUG] cheese - null
[2021-11-25T14:30:33.791] [DEBUG] cheese - null
[2021-11-25T15:38:06.625] [DEBUG] cheese - login => username:admin,password:123456
[2021-11-25T15:38:06.625] [DEBUG] cheese - admin
[2021-11-25T15:38:06.628] [DEBUG] cheese - null
[2021-11-25T15:38:06.628] [DEBUG] cheese - null
[2021-11-25T16:26:35.098] [DEBUG] cheese - login => username:admin,password:123456
[2021-11-25T16:26:35.098] [DEBUG] cheese - admin
[2021-11-25T16:26:35.100] [DEBUG] cheese - null
[2021-11-25T16:26:35.100] [DEBUG] cheese - null
[2021-11-25T16:33:15.808] [DEBUG] cheese - login => username:admin,password:123456
[2021-11-25T16:33:15.809] [DEBUG] cheese - admin
[2021-11-25T16:33:15.810] [DEBUG] cheese - null
[2021-11-25T16:33:15.811] [DEBUG] cheese - null
[2021-11-25T16:41:32.318] [DEBUG] cheese - login => username:admin,password:123456
[2021-11-25T16:41:32.319] [DEBUG] cheese - admin
[2021-11-25T16:41:32.321] [DEBUG] cheese - null
[2021-11-25T16:41:32.321] [DEBUG] cheese - null
[2021-11-25T16:41:59.572] [DEBUG] cheese - login => username:admin,password:123456
[2021-11-25T16:41:59.572] [DEBUG] cheese - admin
[2021-11-25T16:41:59.574] [DEBUG] cheese - null
[2021-11-25T16:41:59.574] [DEBUG] cheese - null
[2021-11-25T16:52:23.942] [DEBUG] cheese - login => username:admin,password:123456
[2021-11-25T16:52:23.943] [DEBUG] cheese - admin
[2021-11-25T16:52:23.945] [DEBUG] cheese - null
[2021-11-25T16:52:23.945] [DEBUG] cheese - null
[2021-11-25T16:58:01.768] [DEBUG] cheese - login => username:admin,password:123456
[2021-11-25T16:58:01.768] [DEBUG] cheese - admin
[2021-11-25T16:58:01.770] [DEBUG] cheese - null
[2021-11-25T16:58:01.770] [DEBUG] cheese - null
[2021-11-25T19:40:16.910] [DEBUG] cheese - login => username:admin,password:123456
[2021-11-25T19:40:16.910] [DEBUG] cheese - admin
[2021-11-25T19:40:16.913] [DEBUG] cheese - null
[2021-11-25T19:40:16.913] [DEBUG] cheese - null
[2021-11-25T20:16:53.072] [DEBUG] cheese - login => username:admin,password:123456
[2021-11-25T20:16:53.072] [DEBUG] cheese - admin
[2021-11-25T20:16:53.075] [DEBUG] cheese - null
[2021-11-25T20:16:53.075] [DEBUG] cheese - null
[2021-11-25T20:39:48.604] [DEBUG] cheese - login => username:admin,password:123456
[2021-11-25T20:39:48.604] [DEBUG] cheese - admin
[2021-11-25T20:39:48.606] [DEBUG] cheese - null
[2021-11-25T20:39:48.606] [DEBUG] cheese - null
[2021-11-25T21:16:22.626] [DEBUG] cheese - login => username:admin,password:123456
[2021-11-25T21:16:22.626] [DEBUG] cheese - admin
[2021-11-25T21:16:22.628] [DEBUG] cheese - null
[2021-11-25T21:16:22.628] [DEBUG] cheese - null
[2021-11-25T21:18:27.161] [DEBUG] cheese - login => username:1310574063,password:pluto@05802.
[2021-11-25T21:18:27.161] [DEBUG] cheese - 1310574063
[2021-11-25T21:18:27.163] [DEBUG] cheese - null
[2021-11-25T21:18:27.163] [DEBUG] cheese - null
[2021-11-25T21:18:28.150] [DEBUG] cheese - login => username:1310574063,password:pluto@05802.
[2021-11-25T21:18:28.150] [DEBUG] cheese - 1310574063
[2021-11-25T21:18:28.152] [DEBUG] cheese - null
[2021-11-25T21:18:28.152] [DEBUG] cheese - null
[2021-11-25T21:18:34.187] [DEBUG] cheese - login => username:1310574063,password:pluto@05802.
[2021-11-25T21:18:34.187] [DEBUG] cheese - 1310574063
[2021-11-25T21:18:34.189] [DEBUG] cheese - null
[2021-11-25T21:18:34.189] [DEBUG] cheese - null
[2021-11-25T21:18:42.619] [DEBUG] cheese - login => username:1310574063,password:pluto@0802.
[2021-11-25T21:18:42.619] [DEBUG] cheese - 1310574063
[2021-11-25T21:18:42.621] [DEBUG] cheese - null
[2021-11-25T21:18:42.621] [DEBUG] cheese - null
[2021-11-25T21:19:18.051] [DEBUG] cheese - login => username:1310574063,password:pluto@0802.
[2021-11-25T21:19:18.051] [DEBUG] cheese - 1310574063
[2021-11-25T21:19:18.052] [DEBUG] cheese - null
[2021-11-25T21:19:18.052] [DEBUG] cheese - null
[2021-11-25T21:19:18.847] [DEBUG] cheese - login => username:1310574063,password:pluto@0802.
[2021-11-25T21:19:18.847] [DEBUG] cheese - 1310574063
[2021-11-25T21:19:18.848] [DEBUG] cheese - null
[2021-11-25T21:19:18.848] [DEBUG] cheese - null
[2021-11-25T21:19:19.043] [DEBUG] cheese - login => username:1310574063,password:pluto@0802.
[2021-11-25T21:19:19.043] [DEBUG] cheese - 1310574063
[2021-11-25T21:19:19.044] [DEBUG] cheese - null
[2021-11-25T21:19:19.044] [DEBUG] cheese - null
[2021-11-25T21:19:19.199] [DEBUG] cheese - login => username:1310574063,password:pluto@0802.
[2021-11-25T21:19:19.199] [DEBUG] cheese - 1310574063
[2021-11-25T21:19:19.201] [DEBUG] cheese - null
[2021-11-25T21:19:19.201] [DEBUG] cheese - null
[2021-11-25T21:19:19.353] [DEBUG] cheese - login => username:1310574063,password:pluto@0802.
[2021-11-25T21:19:19.353] [DEBUG] cheese - 1310574063
[2021-11-25T21:19:19.355] [DEBUG] cheese - null
[2021-11-25T21:19:19.355] [DEBUG] cheese - null
[2021-11-25T21:19:19.514] [DEBUG] cheese - login => username:1310574063,password:pluto@0802.
[2021-11-25T21:19:19.514] [DEBUG] cheese - 1310574063
[2021-11-25T21:19:19.516] [DEBUG] cheese - null
[2021-11-25T21:19:19.516] [DEBUG] cheese - null
[2021-11-25T21:19:34.604] [DEBUG] cheese - login => username:admin,password:123456
[2021-11-25T21:19:34.604] [DEBUG] cheese - admin
[2021-11-25T21:19:34.606] [DEBUG] cheese - null
[2021-11-25T21:19:34.606] [DEBUG] cheese - null
[2021-11-25T21:41:09.188] [DEBUG] cheese - login => username:admin,password:123456
[2021-11-25T21:41:09.188] [DEBUG] cheese - admin
[2021-11-25T21:41:09.190] [DEBUG] cheese - null
[2021-11-25T21:41:09.190] [DEBUG] cheese - null
[2021-11-25T21:50:29.847] [DEBUG] cheese - login => username:123456,password:123456
[2021-11-25T21:50:29.847] [DEBUG] cheese - 123456
[2021-11-25T21:50:29.848] [DEBUG] cheese - null
[2021-11-25T21:50:29.848] [DEBUG] cheese - null
[2021-11-25T21:50:30.484] [DEBUG] cheese - login => username:123456,password:123456
[2021-11-25T21:50:30.484] [DEBUG] cheese - 123456
[2021-11-25T21:50:30.485] [DEBUG] cheese - null
[2021-11-25T21:50:30.485] [DEBUG] cheese - null
[2021-11-25T21:50:30.656] [DEBUG] cheese - login => username:123456,password:123456
[2021-11-25T21:50:30.656] [DEBUG] cheese - 123456
[2021-11-25T21:50:30.658] [DEBUG] cheese - null
[2021-11-25T21:50:30.658] [DEBUG] cheese - null
[2021-11-25T21:50:30.797] [DEBUG] cheese - login => username:123456,password:123456
[2021-11-25T21:50:30.798] [DEBUG] cheese - 123456
[2021-11-25T21:50:30.799] [DEBUG] cheese - null
[2021-11-25T21:50:30.799] [DEBUG] cheese - null
[2021-11-25T21:50:35.692] [DEBUG] cheese - login => username:123456,password:123456789
[2021-11-25T21:50:35.692] [DEBUG] cheese - 123456
[2021-11-25T21:50:35.694] [DEBUG] cheese - null
[2021-11-25T21:50:35.694] [DEBUG] cheese - null
[2021-11-25T21:50:35.876] [DEBUG] cheese - login => username:123456,password:123456789
[2021-11-25T21:50:35.876] [DEBUG] cheese - 123456
[2021-11-25T21:50:35.878] [DEBUG] cheese - null
[2021-11-25T21:50:35.878] [DEBUG] cheese - null
[2021-11-25T21:50:43.375] [DEBUG] cheese - login => username:123456,password:123456
[2021-11-25T21:50:43.375] [DEBUG] cheese - 123456
[2021-11-25T21:50:43.377] [DEBUG] cheese - null
[2021-11-25T21:50:43.377] [DEBUG] cheese - null
[2021-11-25T21:51:17.531] [DEBUG] cheese - login => username:linken,password:123456
[2021-11-25T21:51:17.531] [DEBUG] cheese - linken
[2021-11-25T21:51:17.533] [DEBUG] cheese - null
[2021-11-25T21:51:17.533] [DEBUG] cheese - null
[2021-11-25T21:51:31.110] [DEBUG] cheese - login => username:asdf1,password:123456
[2021-11-25T21:51:31.110] [DEBUG] cheese - asdf1
[2021-11-25T21:51:31.111] [DEBUG] cheese - null
[2021-11-25T21:51:31.111] [DEBUG] cheese - null
[2021-11-25T21:51:31.749] [DEBUG] cheese - login => username:asdf1,password:123456
[2021-11-25T21:51:31.749] [DEBUG] cheese - asdf1
[2021-11-25T21:51:31.750] [DEBUG] cheese - null
[2021-11-25T21:51:31.750] [DEBUG] cheese - null
[2021-11-25T21:51:38.600] [DEBUG] cheese - login => username:asdf123,password:123456
[2021-11-25T21:51:38.600] [DEBUG] cheese - asdf123
[2021-11-25T21:51:38.602] [DEBUG] cheese - null
[2021-11-25T21:51:38.602] [DEBUG] cheese - null
[2021-11-25T21:51:50.826] [DEBUG] cheese - login => username:asdf1,password:123456
[2021-11-25T21:51:50.826] [DEBUG] cheese - asdf1
[2021-11-25T21:51:50.828] [DEBUG] cheese - null
[2021-11-25T21:51:50.828] [DEBUG] cheese - null
[2021-11-25T21:51:51.409] [DEBUG] cheese - login => username:asdf1,password:123456
[2021-11-25T21:51:51.409] [DEBUG] cheese - asdf1
[2021-11-25T21:51:51.411] [DEBUG] cheese - null
[2021-11-25T21:51:51.411] [DEBUG] cheese - null
[2021-11-25T21:51:51.578] [DEBUG] cheese - login => username:asdf1,password:123456
[2021-11-25T21:51:51.578] [DEBUG] cheese - asdf1
[2021-11-25T21:51:51.580] [DEBUG] cheese - null
[2021-11-25T21:51:51.580] [DEBUG] cheese - null
[2021-11-25T21:52:49.784] [DEBUG] cheese - login => username:123456,password:123456
[2021-11-25T21:52:49.784] [DEBUG] cheese - 123456
[2021-11-25T21:52:49.786] [DEBUG] cheese - null
[2021-11-25T21:52:49.786] [DEBUG] cheese - null
[2021-11-25T21:52:56.117] [DEBUG] cheese - login => username:123456,password:123456789
[2021-11-25T21:52:56.117] [DEBUG] cheese - 123456
[2021-11-25T21:52:56.118] [DEBUG] cheese - null
[2021-11-25T21:52:56.118] [DEBUG] cheese - null
[2021-11-25T21:53:13.326] [DEBUG] cheese - login => username:admin,password:123456
[2021-11-25T21:53:13.326] [DEBUG] cheese - admin
[2021-11-25T21:53:13.327] [DEBUG] cheese - null
[2021-11-25T21:53:13.327] [DEBUG] cheese - null
[2021-11-25T21:53:19.569] [DEBUG] cheese - login => username:admin,password:123456
[2021-11-25T21:53:19.569] [DEBUG] cheese - admin
[2021-11-25T21:53:19.570] [DEBUG] cheese - null
[2021-11-25T21:53:19.570] [DEBUG] cheese - null
[2021-11-25T22:10:32.632] [DEBUG] cheese - login => username:123456,password:123456
[2021-11-25T22:10:32.632] [DEBUG] cheese - 123456
[2021-11-25T22:10:32.633] [DEBUG] cheese - null
[2021-11-25T22:10:32.633] [DEBUG] cheese - null
[2021-11-25T22:10:36.082] [DEBUG] cheese - login => username:123456,password:123456
[2021-11-25T22:10:36.082] [DEBUG] cheese - 123456
[2021-11-25T22:10:36.083] [DEBUG] cheese - null
[2021-11-25T22:10:36.083] [DEBUG] cheese - null
[2021-11-25T22:10:54.302] [DEBUG] cheese - login => username:123456,password:123456
[2021-11-25T22:10:54.302] [DEBUG] cheese - 123456
[2021-11-25T22:10:54.303] [DEBUG] cheese - null
[2021-11-25T22:10:54.304] [DEBUG] cheese - null
[2021-11-25T22:10:54.487] [DEBUG] cheese - login => username:123456,password:123456
[2021-11-25T22:10:54.487] [DEBUG] cheese - 123456
[2021-11-25T22:10:54.488] [DEBUG] cheese - null
[2021-11-25T22:10:54.488] [DEBUG] cheese - null
[2021-11-25T22:10:54.645] [DEBUG] cheese - login => username:123456,password:123456
[2021-11-25T22:10:54.645] [DEBUG] cheese - 123456
[2021-11-25T22:10:54.646] [DEBUG] cheese - null
[2021-11-25T22:10:54.646] [DEBUG] cheese - null
[2021-11-25T22:10:54.874] [DEBUG] cheese - login => username:123456,password:123456
[2021-11-25T22:10:54.874] [DEBUG] cheese - 123456
[2021-11-25T22:10:54.875] [DEBUG] cheese - null
[2021-11-25T22:10:54.875] [DEBUG] cheese - null
[2021-11-25T22:10:55.319] [DEBUG] cheese - login => username:123456,password:123456
[2021-11-25T22:10:55.319] [DEBUG] cheese - 123456
[2021-11-25T22:10:55.320] [DEBUG] cheese - null
[2021-11-25T22:10:55.321] [DEBUG] cheese - null
[2021-11-25T22:10:55.579] [DEBUG] cheese - login => username:123456,password:123456
[2021-11-25T22:10:55.579] [DEBUG] cheese - 123456
[2021-11-25T22:10:55.580] [DEBUG] cheese - null
[2021-11-25T22:10:55.580] [DEBUG] cheese - null
[2021-11-25T22:10:55.912] [DEBUG] cheese - login => username:123456,password:123456
[2021-11-25T22:10:55.912] [DEBUG] cheese - 123456
[2021-11-25T22:10:55.913] [DEBUG] cheese - null
[2021-11-25T22:10:55.914] [DEBUG] cheese - null
[2021-11-25T22:10:56.240] [DEBUG] cheese - login => username:123456,password:123456
[2021-11-25T22:10:56.240] [DEBUG] cheese - 123456
[2021-11-25T22:10:56.241] [DEBUG] cheese - null
[2021-11-25T22:10:56.241] [DEBUG] cheese - null
[2021-11-25T22:11:13.121] [DEBUG] cheese - login => username:admin,password:123456
[2021-11-25T22:11:13.121] [DEBUG] cheese - admin
[2021-11-25T22:11:13.123] [DEBUG] cheese - null
[2021-11-25T22:11:13.123] [DEBUG] cheese - null
[2021-11-25T22:11:44.451] [DEBUG] cheese - login => username:123456,password:123456
[2021-11-25T22:11:44.451] [DEBUG] cheese - 123456
[2021-11-25T22:11:44.452] [DEBUG] cheese - null
[2021-11-25T22:11:44.452] [DEBUG] cheese - null
[2021-11-25T22:11:45.738] [DEBUG] cheese - login => username:123456,password:123456
[2021-11-25T22:11:45.738] [DEBUG] cheese - 123456
[2021-11-25T22:11:45.739] [DEBUG] cheese - null
[2021-11-25T22:11:45.739] [DEBUG] cheese - null
[2021-11-25T22:11:46.022] [DEBUG] cheese - login => username:123456,password:123456
[2021-11-25T22:11:46.022] [DEBUG] cheese - 123456
[2021-11-25T22:11:46.024] [DEBUG] cheese - null
[2021-11-25T22:11:46.024] [DEBUG] cheese - null
[2021-11-25T22:11:46.217] [DEBUG] cheese - login => username:123456,password:123456
[2021-11-25T22:11:46.217] [DEBUG] cheese - 123456
[2021-11-25T22:11:46.218] [DEBUG] cheese - null
[2021-11-25T22:11:46.218] [DEBUG] cheese - null
[2021-11-25T22:11:46.409] [DEBUG] cheese - login => username:123456,password:123456
[2021-11-25T22:11:46.409] [DEBUG] cheese - 123456
[2021-11-25T22:11:46.410] [DEBUG] cheese - null
[2021-11-25T22:11:46.410] [DEBUG] cheese - null
[2021-11-25T22:11:46.584] [DEBUG] cheese - login => username:123456,password:123456
[2021-11-25T22:11:46.584] [DEBUG] cheese - 123456
[2021-11-25T22:11:46.586] [DEBUG] cheese - null
[2021-11-25T22:11:46.586] [DEBUG] cheese - null
[2021-11-25T22:11:46.777] [DEBUG] cheese - login => username:123456,password:123456
[2021-11-25T22:11:46.777] [DEBUG] cheese - 123456
[2021-11-25T22:11:46.781] [DEBUG] cheese - null
[2021-11-25T22:11:46.781] [DEBUG] cheese - null
[2021-11-25T22:11:46.953] [DEBUG] cheese - login => username:123456,password:123456
[2021-11-25T22:11:46.953] [DEBUG] cheese - 123456
[2021-11-25T22:11:46.954] [DEBUG] cheese - null
[2021-11-25T22:11:46.954] [DEBUG] cheese - null
[2021-11-25T22:12:44.562] [DEBUG] cheese - login => username:123456,password:123456
[2021-11-25T22:12:44.562] [DEBUG] cheese - 123456
[2021-11-25T22:12:44.563] [DEBUG] cheese - null
[2021-11-25T22:12:44.563] [DEBUG] cheese - null
[2021-11-25T22:12:44.911] [DEBUG] cheese - login => username:123456,password:123456
[2021-11-25T22:12:44.912] [DEBUG] cheese - 123456
[2021-11-25T22:12:44.913] [DEBUG] cheese - null
[2021-11-25T22:12:44.913] [DEBUG] cheese - null
[2021-11-25T22:12:45.659] [DEBUG] cheese - login => username:123456,password:123456
[2021-11-25T22:12:45.659] [DEBUG] cheese - 123456
[2021-11-25T22:12:45.661] [DEBUG] cheese - null
[2021-11-25T22:12:45.661] [DEBUG] cheese - null
[2021-11-25T22:12:45.909] [DEBUG] cheese - login => username:123456,password:123456
[2021-11-25T22:12:45.909] [DEBUG] cheese - 123456
[2021-11-25T22:12:45.911] [DEBUG] cheese - null
[2021-11-25T22:12:45.911] [DEBUG] cheese - null
[2021-11-25T22:12:51.583] [DEBUG] cheese - login => username:123456,password:123456
[2021-11-25T22:12:51.583] [DEBUG] cheese - 123456
[2021-11-25T22:12:51.584] [DEBUG] cheese - null
[2021-11-25T22:12:51.585] [DEBUG] cheese - null
[2021-11-25T22:12:53.563] [DEBUG] cheese - login => username:123456,password:123456
[2021-11-25T22:12:53.564] [DEBUG] cheese - 123456
[2021-11-25T22:12:53.565] [DEBUG] cheese - null
[2021-11-25T22:12:53.565] [DEBUG] cheese - null
[2021-11-25T22:12:55.731] [DEBUG] cheese - login => username:123456,password:123456
[2021-11-25T22:12:55.731] [DEBUG] cheese - 123456
[2021-11-25T22:12:55.732] [DEBUG] cheese - null
[2021-11-25T22:12:55.732] [DEBUG] cheese - null
[2021-11-25T22:12:57.545] [DEBUG] cheese - login => username:123456,password:123456
[2021-11-25T22:12:57.545] [DEBUG] cheese - 123456
[2021-11-25T22:12:57.546] [DEBUG] cheese - null
[2021-11-25T22:12:57.546] [DEBUG] cheese - null
[2021-11-25T22:12:58.874] [DEBUG] cheese - login => username:123456,password:123456
[2021-11-25T22:12:58.874] [DEBUG] cheese - 123456
[2021-11-25T22:12:58.877] [DEBUG] cheese - null
[2021-11-25T22:12:58.877] [DEBUG] cheese - null
[2021-11-25T22:13:05.100] [DEBUG] cheese - login => username:admin,password:123456
[2021-11-25T22:13:05.100] [DEBUG] cheese - admin
[2021-11-25T22:13:05.101] [DEBUG] cheese - null
[2021-11-25T22:13:05.101] [DEBUG] cheese - null
[2021-11-25T22:13:09.173] [DEBUG] cheese - login => username:admin,password:123456
[2021-11-25T22:13:09.173] [DEBUG] cheese - admin
[2021-11-25T22:13:09.174] [DEBUG] cheese - null
[2021-11-25T22:13:09.175] [DEBUG] cheese - null
[2021-11-25T22:15:38.050] [DEBUG] cheese - login => username:admin,password:123456
[2021-11-25T22:15:38.050] [DEBUG] cheese - admin
[2021-11-25T22:15:38.052] [DEBUG] cheese - null
[2021-11-25T22:15:38.052] [DEBUG] cheese - null
[2021-11-25T22:32:06.183] [DEBUG] cheese - login => username:123456,password:123456
[2021-11-25T22:32:06.183] [DEBUG] cheese - 123456
[2021-11-25T22:32:06.185] [DEBUG] cheese - null
[2021-11-25T22:32:06.185] [DEBUG] cheese - null
[2021-11-25T22:32:40.123] [DEBUG] cheese - login => username:admin,password:123456
[2021-11-25T22:32:40.123] [DEBUG] cheese - admin
[2021-11-25T22:32:40.124] [DEBUG] cheese - null
[2021-11-25T22:32:40.124] [DEBUG] cheese - null
[2021-11-25T22:33:17.863] [DEBUG] cheese - login => username:123456789,password:123456789
[2021-11-25T22:33:17.863] [DEBUG] cheese - 123456789
[2021-11-25T22:33:17.865] [DEBUG] cheese - null
[2021-11-25T22:33:17.865] [DEBUG] cheese - null
